2022-09-23 08:09:12|   0.0|  0.0|INFORM|Current FME version: FME 2022.0.0.0 (20220428 - Build 22337 - WIN64)
2022-09-23 08:09:12|   0.0|  0.0|INFORM|FME_HOME is 'C:\app\FMEDesktop-22337-win-x64\'
2022-09-23 08:09:12|   0.0|  0.0|INFORM|FME Home Edition (node locked-crc)
2022-09-23 08:09:12|   0.0|  0.0|INFORM|Serial Number: 95KTTUJV9Q4KQUWWCDPV
2022-09-23 08:09:12|   0.0|  0.0|INFORM|Temporary License: 230 days left.
2022-09-23 08:09:12|   0.0|  0.0|INFORM|Machine host name is: ENACIT-B121422
2022-09-23 08:09:12|   0.0|  0.0|INFORM|OS Locale Name     : fr_CH
2022-09-23 08:09:12|   0.0|  0.0|INFORM|OS Locale Encoding : windows-1252
2022-09-23 08:09:12|   0.0|  0.0|INFORM|Process Encoding   : UTF-8
2022-09-23 08:09:12|   0.0|  0.0|INFORM|FME Configuration: FME_BASE is 'no'
2022-09-23 08:09:12|   0.0|  0.0|INFORM|FME Configuration: FME_MF_DIR is 'C:\projects\LASUR-rhytmic-mobility-habits\data_sample/'
2022-09-23 08:09:12|   0.0|  0.0|INFORM|FME Configuration: FME_MF_NAME is 'fake_data_processing.fmw'
2022-09-23 08:09:12|   0.0|  0.0|INFORM|FME Configuration: FME_PRODUCT_NAME is 'FME(R) 2022.0.0.0'
2022-09-23 08:09:12|   0.0|  0.0|INFORM|Operating System: Microsoft Windows 10 64-bit  (Build 19044)
2022-09-23 08:09:12|   0.0|  0.0|INFORM|FME Platform: WIN64
2022-09-23 08:09:12|   0.0|  0.0|INFORM|System Status: 28.56 GB of disk space available in the FME temporary folder (C:\Users\longcham\AppData\Local\Temp\wbrun_1663913258543_15340\fmetmp_1)
2022-09-23 08:09:12|   0.0|  0.0|INFORM|System Status: 31.73 GB of physical memory available
2022-09-23 08:09:12|   0.0|  0.0|INFORM|System Status: 126.90 GB of virtual memory available
2022-09-23 08:09:12|   0.0|  0.0|INFORM|START - ProcessID: 22440, peak process memory usage: 51244 kB, current process memory usage: 51236 kB
2022-09-23 08:09:12|   0.0|  0.0|INFORM|FME Configuration: Command line arguments are `C:\app\FMEDesktop-22337-win-x64\fme.exe' `C:/projects/LASUR-rhytmic-mobility-habits/data_sample\wb-xlate-1663913351292_15340' `LOG_STANDARDOUT' `YES' `LOG_TIMINGS' `YES' `LogCountServerName' `54759' `LOG_STANDARDOUT' `No' `WORKBENCH_LOG_SERVER' `54716'
2022-09-23 08:09:12|   0.0|  0.0|INFORM|FME Configuration: Connection Storage: 'C:\Users\longcham\AppData\Roaming\Safe Software\FME\'
2022-09-23 08:09:12|   0.0|  0.0|INFORM|Shared folders for formats are : C:\app\FMEDesktop-22337-win-x64\datasources;C:\Users\longcham\Documents\FME\Formats
2022-09-23 08:09:12|   0.0|  0.0|INFORM|Shared folders for transformers are : C:\Users\longcham\AppData\Roaming\Safe Software\FME\Packages\22337-win64\transformers;C:\app\FMEDesktop-22337-win-x64\transformers;C:\Users\longcham\AppData\Roaming\Safe Software\FME\FME Store\Transformers
2022-09-23 08:09:12|   0.0|  0.0|INFORM|Shared folders for coordinate systems are : C:\Users\longcham\Documents\FME\CoordinateSystems
2022-09-23 08:09:12|   0.0|  0.0|INFORM|Shared folders for coordinate system exceptions are : C:\Users\longcham\Documents\FME\CoordinateSystemExceptions
2022-09-23 08:09:12|   0.0|  0.0|INFORM|Shared folders for coordinate system grid overrides are : C:\Users\longcham\Documents\FME\CoordinateSystemGridOverrides
2022-09-23 08:09:12|   0.0|  0.0|INFORM|Shared folders for CS-MAP transformation exceptions are : C:\Users\longcham\Documents\FME\CsmapTransformationExceptions
2022-09-23 08:09:12|   0.0|  0.0|INFORM|Shared folders for transformer categories are : C:\Users\longcham\Documents\FME\TransformerCategories
2022-09-23 08:09:12|   0.0|  0.0|INFORM|FME Configuration: Reader Keyword is `MULTI_READER'
2022-09-23 08:09:12|   0.0|  0.0|INFORM|FME Configuration: Writer Keyword is `NULL_DEST'
2022-09-23 08:09:12|   0.0|  0.0|INFORM|FME Configuration: Writer Group Definition Keyword is `NULL_DEST_DEF'
2022-09-23 08:09:12|   0.0|  0.0|INFORM|FME Configuration: Reader type is `MULTI_READER'
2022-09-23 08:09:12|   0.0|  0.0|INFORM|FME Configuration: Writer type is `NULL'
2022-09-23 08:09:12|   0.0|  0.0|INFORM|FME Configuration: No destination coordinate system set
2022-09-23 08:09:12|   0.0|  0.0|INFORM|FME Configuration: Current working folder is `C:\projects\LASUR-rhytmic-mobility-habits\data_sample'
2022-09-23 08:09:12|   0.0|  0.0|INFORM|FME Configuration: Temporary folder is `C:\Users\longcham\AppData\Local\Temp\wbrun_1663913258543_15340\fmetmp_1', set from environment variable `FME_TEMP'
2022-09-23 08:09:12|   0.0|  0.0|INFORM|FME Configuration: Cache folder is 'C:\Users\longcham\AppData\Local\Temp'
2022-09-23 08:09:12|   0.0|  0.0|INFORM|FME Configuration: FME_HOME is `C:\app\FMEDesktop-22337-win-x64\'
2022-09-23 08:09:12|   0.0|  0.0|INFORM|FME Configuration: Start freeing memory when the process exceeds 95.18 GB
2022-09-23 08:09:12|   0.0|  0.0|INFORM|FME Configuration: Stop freeing memory when the process is below 71.38 GB
2022-09-23 08:09:12|   0.0|  0.0|INFORM|Creating writer for format: NULL (Nothing)
2022-09-23 08:09:12|   0.0|  0.0|INFORM|Trying to find a DYNAMIC plugin for writer named `NULL'
2022-09-23 08:09:12|   0.0|  0.0|INFORM|Loaded module 'NULL' from file 'C:\app\FMEDesktop-22337-win-x64\plugins/NULL.dll'
2022-09-23 08:09:12|   0.0|  0.0|INFORM|FME API version of module 'NULL' matches current internal version (4.0 20220317)
2022-09-23 08:09:12|   0.0|  0.0|INFORM|Creating reader for format: 
2022-09-23 08:09:12|   0.0|  0.0|INFORM|MULTI_READER(MULTI_READER): Will fail with first member reader failure
2022-09-23 08:09:12|   0.0|  0.0|INFORM|Using Multi Reader with keyword `MULTI_READER' to read multiple datasets
2022-09-23 08:09:12|   0.0|  0.0|INFORM|Loaded module 'LogCount_func' from file 'C:\app\FMEDesktop-22337-win-x64\plugins/LogCount_func.dll'
2022-09-23 08:09:12|   0.0|  0.0|INFORM|FME API version of module 'LogCount_func' matches current internal version (4.0 20220317)
2022-09-23 08:09:12|   0.0|  0.0|INFORM|Loaded module 'H3IndexerFactory' from file 'C:\app\FMEDesktop-22337-win-x64\plugins/H3IndexerFactory.dll'
2022-09-23 08:09:12|   0.0|  0.0|INFORM|FME API version of module 'H3IndexerFactory' matches current internal version (4.0 20220317)
2022-09-23 08:09:12|   0.0|  0.0|INFORM|Emptying factory pipeline
2022-09-23 08:09:12|   0.0|  0.0|STATS |Router and Unexpected Input Remover (RoutingFactory): Tested 0 input feature(s), wrote 0 output feature(s): 0 matched merge filters, 0 were routed to output, 0 could not be routed.
2022-09-23 08:09:12|   0.0|  0.0|STATS |Unexpected Input Remover Nuker (TeeFactory): Cloned 0 input feature(s) into 0 output feature(s)
2022-09-23 08:09:12|   0.0|  0.0|STATS |swissBOUNDARIES3D_1_3_TLM_HOHEITSGEBIET_SHAPEFILE_1 Splitter (TeeFactory): Cloned 0 input feature(s) into 0 output feature(s)
2022-09-23 08:09:12|   0.0|  0.0|STATS |access_5th_amenity_GEOJSON_1 Splitter (TeeFactory): Cloned 0 input feature(s) into 0 output feature(s)
2022-09-23 08:09:12|   0.0|  0.0|STATS |access_5th_transit_GEOJSON_2 Splitter (TeeFactory): Cloned 0 input feature(s) into 0 output feature(s)
2022-09-23 08:09:12|   0.0|  0.0|STATS |Restoring 79403 feature(s) from FME feature store file `C:\Users\longcham\AppData\Local\Temp\wb-cache-fake_data_processing-bGKjiJ\Main_Junction -1 24 fo 0 Output  0  cdcf5a7fc3e72d569129a5858d28b24eb05338f7.ffs'
2022-09-23 08:09:12|   0.1|  0.1|STATS |Storing feature(s) to FME feature store file `C:\Users\longcham\AppData\Local\Temp\wb-cache-fake_data_processing-bGKjiJ\Main_H3HexagonalIndexer -1 23 fo 0 OUTPUT  0  ad82feaeb4ae711687abcbf6d5aee0d334973831.ffsupdating'
2022-09-23 08:09:14|   2.6|  2.5|INFORM|Junction_Output_-1_32_Player (RecorderFactory): Played back 79403 feature(s) from file `C:\Users\longcham\AppData\Local\Temp\wb-cache-fake_data_processing-bGKjiJ\Main_Junction -1 24 fo 0 Output  0  cdcf5a7fc3e72d569129a5858d28b24eb05338f7.ffs'
2022-09-23 08:09:14|   2.6|  0.0|STATS |Stored 79403 feature(s) to FME feature store file `C:\Users\longcham\AppData\Local\Temp\wb-cache-fake_data_processing-bGKjiJ\Main_H3HexagonalIndexer -1 23 fo 0 OUTPUT  0  ad82feaeb4ae711687abcbf6d5aee0d334973831.ffsupdating'
2022-09-23 08:09:14|   2.6|  0.0|INFORM|Saving spatial index into file 'C:\Users\longcham\AppData\Local\Temp\wb-cache-fake_data_processing-bGKjiJ\Main_H3HexagonalIndexer -1 23 fo 0 OUTPUT  0  ad82feaeb4ae711687abcbf6d5aee0d334973831.fsi'
2022-09-23 08:09:14|   2.6|  0.0|INFORM|Finished saving spatial index into file 'C:\Users\longcham\AppData\Local\Temp\wb-cache-fake_data_processing-bGKjiJ\Main_H3HexagonalIndexer -1 23 fo 0 OUTPUT  0  ad82feaeb4ae711687abcbf6d5aee0d334973831.fsi'
2022-09-23 08:09:14|   2.6|  0.0|STATS |H3HexagonalIndexer_OUTPUT Feature Counter -1 2147614743 (TeeFactory): Cloned 79403 input feature(s) into 0 output feature(s)
2022-09-23 08:09:14|   2.6|  0.0|STATS |H3HexagonalIndexer_<REJECTED> Feature Counter -1 2147680279 (TeeFactory): Cloned 0 input feature(s) into 0 output feature(s)
2022-09-23 08:09:14|   2.6|  0.0|STATS |H3HexagonalIndexer_<Rejected> (TeeFactory): Cloned 0 input feature(s) into 0 output feature(s)
2022-09-23 08:09:14|   2.6|  0.0|STATS |Destination Feature Type Routing Correlator (RoutingFactory): Tested 0 input feature(s), wrote 0 output feature(s): 0 matched merge filters, 0 were routed to output, 0 could not be routed.
2022-09-23 08:09:14|   2.6|  0.0|STATS |Final Output Nuker (TeeFactory): Cloned 0 input feature(s) into 0 output feature(s)
2022-09-23 08:09:14|   2.6|  0.0|STATS |=-=-=-=-=-=-=-=-=-=-=-=-=-=-=-=-=-=-=-=-=-=-=-=-=-=-=-=-=-=-=-=-=-=-=-=-=-=-=-
2022-09-23 08:09:14|   2.6|  0.0|STATS |                            Features Read Summary
2022-09-23 08:09:14|   2.6|  0.0|STATS |=-=-=-=-=-=-=-=-=-=-=-=-=-=-=-=-=-=-=-=-=-=-=-=-=-=-=-=-=-=-=-=-=-=-=-=-=-=-=-
2022-09-23 08:09:14|   2.6|  0.0|STATS |==============================================================================
2022-09-23 08:09:14|   2.6|  0.0|STATS |Total Features Read                                                          0
2022-09-23 08:09:14|   2.6|  0.0|STATS |=-=-=-=-=-=-=-=-=-=-=-=-=-=-=-=-=-=-=-=-=-=-=-=-=-=-=-=-=-=-=-=-=-=-=-=-=-=-=-
2022-09-23 08:09:14|   2.6|  0.0|STATS |=-=-=-=-=-=-=-=-=-=-=-=-=-=-=-=-=-=-=-=-=-=-=-=-=-=-=-=-=-=-=-=-=-=-=-=-=-=-=-
2022-09-23 08:09:14|   2.6|  0.0|STATS |                           Features Written Summary
2022-09-23 08:09:14|   2.6|  0.0|STATS |=-=-=-=-=-=-=-=-=-=-=-=-=-=-=-=-=-=-=-=-=-=-=-=-=-=-=-=-=-=-=-=-=-=-=-=-=-=-=-
2022-09-23 08:09:14|   2.6|  0.0|STATS |==============================================================================
2022-09-23 08:09:14|   2.6|  0.0|STATS |Total Features Written                                                       0
2022-09-23 08:09:14|   2.6|  0.0|STATS |=-=-=-=-=-=-=-=-=-=-=-=-=-=-=-=-=-=-=-=-=-=-=-=-=-=-=-=-=-=-=-=-=-=-=-=-=-=-=-
2022-09-23 08:09:14|   2.6|  0.0|WARN  |-~-~-~-~-~-~-~-~-~-~-~-~-~-~-~-~-~-~-~-~-~-~-~-~-~-~-~-~-~-~-~-~-~-~-~-~-~-~-~-~-
2022-09-23 08:09:14|   2.6|  0.0|WARN  |-~                                                                             ~-
2022-09-23 08:09:14|   2.6|  0.0|WARN  |-~    Feature caches have been recorded at every stage of the translation.     ~-
2022-09-23 08:09:14|   2.6|  0.0|WARN  |-~                      To inspect the recorded features,                      ~-
2022-09-23 08:09:14|   2.6|  0.0|WARN  |-~              click the feature cache icons next to the ports.               ~-
2022-09-23 08:09:14|   2.6|  0.0|WARN  |-~                                                                             ~-
2022-09-23 08:09:14|   2.6|  0.0|WARN  |-~-~-~-~-~-~-~-~-~-~-~-~-~-~-~-~-~-~-~-~-~-~-~-~-~-~-~-~-~-~-~-~-~-~-~-~-~-~-~-~-
2022-09-23 08:09:14|   2.6|  0.0|INFORM|Translation was SUCCESSFUL with 7 warning(s) (0 feature(s) output)
2022-09-23 08:09:14|   2.6|  0.0|INFORM|FME Session Duration: 2.8 seconds. (CPU: 2.3s user, 0.3s system)
2022-09-23 08:09:14|   2.6|  0.0|INFORM|END - ProcessID: 22440, peak process memory usage: 104516 kB, current process memory usage: 101628 kB
